<?xml version="1.0" encoding="UTF-8"?>
<!-- Generated by org.testng.reporters.JUnitReportReporter -->
<testsuite hostname="IABLR-LT155" name="collectionPackage.Reflection1" tests="1" failures="0" timestamp="28 Mar 2020 12:02:47 GMT" time="0.013" errors="0">
  <testcase name="login" time="0.013" classname="collectionPackage.Reflection1"/>
</testsuite> <!-- collectionPackage.Reflection1 -->
